1616357804626	geckodriver	INFO	Listening on 127.0.0.1:63015
1616357807719	mozrunner::runner	INFO	Running command: "C:\\Program Files\\Mozilla Firefox\\firefox.exe" "--marionette" "-foreground" "-no-remote" "-profile" "C:\\Users\\jemcg\\AppData\\Local\\Temp\\rust_mozprofileRjheRQ"
console.warn: SearchSettings: "get: No settings file exists, new profile?" (new Error("", "(unknown module)"))
1616357810146	Marionette	INFO	Listening on port 63023
1616357810393	Marionette	WARN	TLS certificate errors will be ignored for this session
1616357810416	Marionette	INFO	Stopped listening on port 63023
JavaScript error: resource://activity-stream/lib/ASRouter.jsm, line 988: NS_ERROR_ILLEGAL_VALUE: Component returned failure code: 0x80070057 (NS_ERROR_ILLEGAL_VALUE) [nsIObserverService.removeObserver]
[Parent 68752, IPC I/O Parent] WARNING: file /builds/worker/checkouts/gecko/ipc/chromium/src/base/process_util_win.cc:167

###!!! [Child][RunMessage] Error: Channel closing: too late to send/recv, messages will be lost

1616368713519	geckodriver	INFO	Listening on 127.0.0.1:64335
1616368716588	mozrunner::runner	INFO	Running command: "C:\\Program Files\\Mozilla Firefox\\firefox.exe" "--marionette" "-foreground" "-no-remote" "-profile" "C:\\Users\\jemcg\\AppData\\Local\\Temp\\rust_mozprofileqKP2yj"
console.warn: SearchSettings: "get: No settings file exists, new profile?" (new Error("", "(unknown module)"))
1616368718936	Marionette	INFO	Listening on port 64343
1616368719259	Marionette	WARN	TLS certificate errors will be ignored for this session
1616368719280	Marionette	INFO	Stopped listening on port 64343
JavaScript error: resource://activity-stream/lib/ASRouter.jsm, line 988: NS_ERROR_ILLEGAL_VALUE: Component returned failure code: 0x80070057 (NS_ERROR_ILLEGAL_VALUE) [nsIObserverService.removeObserver]
console.warn: services.settings: main/cfr sync interrupted by shutdown

###!!! [Child][RunMessage] Error: Channel closing: too late to send/recv, messages will be lost

1616369442780	geckodriver	INFO	Listening on 127.0.0.1:64498
1616369445865	mozrunner::runner	INFO	Running command: "C:\\Program Files\\Mozilla Firefox\\firefox.exe" "--marionette" "-foreground" "-no-remote" "-profile" "C:\\Users\\jemcg\\AppData\\Local\\Temp\\rust_mozprofileTmSaUN"
console.warn: SearchSettings: "get: No settings file exists, new profile?" (new Error("", "(unknown module)"))
1616369447983	Marionette	INFO	Listening on port 64508
1616369448037	Marionette	WARN	TLS certificate errors will be ignored for this session
1616369926340	Marionette	INFO	Stopped listening on port 64508

###!!! [Child][RunMessage] Error: Channel closing: too late to send/recv, messages will be lost

"--marionette" "-foreground" "-no-remote" "-profile" "C:\\Users\\jemcg\\AppData\\Local\\Temp\\rust_mozprofileBgIsIW"
console.warn: SearchSettings: "get: No settings file exists, new profile?" (new Error("", "(unknown module)"))
1616369526547	Marionette	INFO	Listening on port 64583
1616369526788	Marionette	WARN	TLS certificate errors will be ignored for this session
1616369558627	Marionette	INFO	Stopped listening on port 64583

###!!! [Child][RunMessage] Error: Channel closing: too late to send/recv, messages will be lost

1616370923705	geckodriver	INFO	Listening on 127.0.0.1:64831
1616370926781	mozrunner::runner	INFO	Running command: "C:\\Program Files\\Mozilla Firefox\\firefox.exe" "--marionette" "-foreground" "-no-remote" "-profile" "C:\\Users\\jemcg\\AppData\\Local\\Temp\\rust_mozprofileqYIG8Y"
console.warn: SearchSettings: "get: No settings file exists, new profile?" (new Error("", "(unknown module)"))
1616370928972	Marionette	INFO	Listening on port 64839
1616370929449	Marionette	WARN	TLS certificate errors will be ignored for this session
1616371054146	Marionette	INFO	Stopped listening on port 64839

###!!! [Child][RunMessage] Error: Channel closing: too late to send/recv, messages will be lost

"--marionette" "-foreground" "-no-remote" "-profile" "C:\\Users\\jemcg\\AppData\\Local\\Temp\\rust_mozprofileW9jLB4"
console.warn: SearchSettings: "get: No settings file exists, new profile?" (new Error("", "(unknown module)"))
1616371044784	Marionette	INFO	Listening on port 64914
1616371045120	Marionette	WARN	TLS certificate errors will be ignored for this session
1616371050315	Marionette	INFO	Stopped listening on port 64914

###!!! [Child][RunMessage] Error: Channel closing: too late to send/recv, messages will be lost

1616371196872	geckodriver	INFO	Listening on 127.0.0.1:64996
1616371199949	mozrunner::runner	INFO	Running command: "C:\\Program Files\\Mozilla Firefox\\firefox.exe" "--marionette" "-foreground" "-no-remote" "-profile" "C:\\Users\\jemcg\\AppData\\Local\\Temp\\rust_mozprofilesppz3C"
console.warn: SearchSettings: "get: No settings file exists, new profile?" (new Error("", "(unknown module)"))
1616371202152	Marionette	INFO	Listening on port 65006
1616371202621	Marionette	WARN	TLS certificate errors will be ignored for this session
1616371551930	Marionette	INFO	Stopped listening on port 65006

###!!! [Child][RunMessage] Error: Channel closing: too late to send/recv, messages will be lost

1616374004167	geckodriver	INFO	Listening on 127.0.0.1:65433
1616374007266	mozrunner::runner	INFO	Running command: "C:\\Program Files\\Mozilla Firefox\\firefox.exe" "--marionette" "-foreground" "-no-remote" "-profile" "C:\\Users\\jemcg\\AppData\\Local\\Temp\\rust_mozprofileYvn5vc"
console.warn: SearchSettings: "get: No settings file exists, new profile?" (new Error("", "(unknown module)"))
1616374009396	Marionette	INFO	Listening on port 65441
1616374009451	Marionette	WARN	TLS certificate errors will be ignored for this session
1616374075608	Marionette	INFO	Stopped listening on port 65441
6374034107	mozrunner::runner	INFO	Running command: "C:\\Program Files\\Mozilla Firefox\\firefox.exe" "--marionette" "-foreground" "-no-remote" "-profile" "C:\\Users\\jemcg\\AppData\\Local\\Temp\\rust_mozprofilelzvGZi"
console.warn: SearchSettings: "get: No settings file exists, new profile?" (new Error("", "(unknown module)"))
1616374036164	Marionette	INFO	Listening on port 65522
1616374036281	Marionette	WARN	TLS certificate errors will be ignored for this session
1616374081685	Marionette	INFO	Stopped listening on port 65522

###!!! [Child][RunMessage] Error: Channel closing: too late to send/recv, messages will be lost

1616374608717	geckodriver	INFO	Listening on 127.0.0.1:49241
1616374611817	mozrunner::runner	INFO	Running command: "C:\\Program Files\\Mozilla Firefox\\firefox.exe" "--marionette" "-foreground" "-no-remote" "-profile" "C:\\Users\\jemcg\\AppData\\Local\\Temp\\rust_mozprofile2lOfAr"
console.warn: SearchSettings: "get: No settings file exists, new profile?" (new Error("", "(unknown module)"))
1616374613959	Marionette	INFO	Listening on port 49249
1616374614001	Marionette	WARN	TLS certificate errors will be ignored for this session
1616374643916	Marionette	INFO	Stopped listening on port 49249

###!!! [Child][RunMessage] Error: Channel closing: too late to send/recv, messages will be lost

1616374722377	geckodriver	INFO	Listening on 127.0.0.1:49331
1616374725486	mozrunner::runner	INFO	Running command: "C:\\Program Files\\Mozilla Firefox\\firefox.exe" "--marionette" "-foreground" "-no-remote" "-profile" "C:\\Users\\jemcg\\AppData\\Local\\Temp\\rust_mozprofilecsh6Wf"
console.warn: SearchSettings: "get: No settings file exists, new profile?" (new Error("", "(unknown module)"))
1616374727763	Marionette	INFO	Listening on port 49339
1616374728166	Marionette	WARN	TLS certificate errors will be ignored for this session
1616374861652	Marionette	INFO	Stopped listening on port 49339

###!!! [Child][RunMessage] Error: Channel closing: too late to send/recv, messages will be lost

1616374876627	geckodriver	INFO	Listening on 127.0.0.1:49410
1616374879717	mozrunner::runner	INFO	Running command: "C:\\Program Files\\Mozilla Firefox\\firefox.exe" "--marionette" "-foreground" "-no-remote" "-profile" "C:\\Users\\jemcg\\AppData\\Local\\Temp\\rust_mozprofileGsQVfL"
console.warn: SearchSettings: "get: No settings file exists, new profile?" (new Error("", "(unknown module)"))
1616374881835	Marionette	INFO	Listening on port 49418
1616374881901	Marionette	WARN	TLS certificate errors will be ignored for this session
1616374980985	Marionette	INFO	Stopped listening on port 49418

###!!! [Child][RunMessage] Error: Channel closing: too late to send/recv, messages will be lost

"--marionette" "-foreground" "-no-remote" "-profile" "C:\\Users\\jemcg\\AppData\\Local\\Temp\\rust_mozprofileSqQIB8"
console.warn: SearchSettings: "get: No settings file exists, new profile?" (new Error("", "(unknown module)"))
1616374978925	Marionette	INFO	Listening on port 49493
1616374979126	Marionette	WARN	TLS certificate errors will be ignored for this session
SourceActor threw an exception: [Exception... "Component returned failure code: 0x80470002 (NS_BASE_STREAM_CLOSED) [nsIInputStream.available]"  nsresult: "0x80470002 (NS_BASE_STREAM_CLOSED)"  location: "JS frame :: resource://devtools/shared/DevToolsUtils.js :: onResponse :: line 567"  data: no]
Stack: onResponse@resource://devtools/shared/DevToolsUtils.js:567:34
onStopRequest@resource://gre/modules/NetUtil.jsm:128:18
Line: 567, column: 0
console.error: ({})
JavaScript error: resource://devtools/shared/DevToolsUtils.js, line 567: NS_BASE_STREAM_CLOSED: Component returned failure code: 0x80470002 (NS_BASE_STREAM_CLOSED) [nsIInputStream.available]
1616378614694	Marionette	INFO	Stopped listening on port 49493
1616378620035	geckodriver	INFO	Listening on 127.0.0.1:49868
1616378623116	mozrunner::runner	INFO	Running command: "C:\\Program Files\\Mozilla Firefox\\firefox.exe" "--marionette" "-foreground" "-no-remote" "-profile" "C:\\Users\\jemcg\\AppData\\Local\\Temp\\rust_mozprofileiEx3at"
console.warn: SearchSettings: "get: No settings file exists, new profile?" (new Error("", "(unknown module)"))
1616378625176	Marionette	INFO	Listening on port 49876
1616378625267	Marionette	WARN	TLS certificate errors will be ignored for this session
1616378637140	Marionette	INFO	Stopped listening on port 49876

###!!! [Child][RunMessage] Error: Channel closing: too late to send/recv, messages will be lost

1616378691747	geckodriver	INFO	Listening on 127.0.0.1:49945
1616378694822	mozrunner::runner	INFO	Running command: "C:\\Program Files\\Mozilla Firefox\\firefox.exe" "--marionette" "-foreground" "-no-remote" "-profile" "C:\\Users\\jemcg\\AppData\\Local\\Temp\\rust_mozprofileL04R1i"
console.warn: SearchSettings: "get: No settings file exists, new profile?" (new Error("", "(unknown module)"))
1616378697001	Marionette	INFO	Listening on port 49953
1616378697519	Marionette	WARN	TLS certificate errors will be ignored for this session
1616378717248	Marionette	INFO	Stopped listening on port 49953

###!!! [Child][RunMessage] Error: Channel closing: too late to send/recv, messages will be lost

1616378839118	geckodriver	INFO	Listening on 127.0.0.1:50028
1616378842203	mozrunner::runner	INFO	Running command: "C:\\Program Files\\Mozilla Firefox\\firefox.exe" "--marionette" "-foreground" "-no-remote" "-profile" "C:\\Users\\jemcg\\AppData\\Local\\Temp\\rust_mozprofileUqwvx2"
console.warn: SearchSettings: "get: No settings file exists, new profile?" (new Error("", "(unknown module)"))
1616378844301	Marionette	INFO	Listening on port 50036
1616378844366	Marionette	WARN	TLS certificate errors will be ignored for this session
1616379220837	Marionette	INFO	Stopped listening on port 50036

###!!! [Child][RunMessage] Error: Channel closing: too late to send/recv, messages will be lost

"--marionette" "-foreground" "-no-remote" "-profile" "C:\\Users\\jemcg\\AppData\\Local\\Temp\\rust_mozprofilevRc7pt"
console.warn: SearchSettings: "get: No settings file exists, new profile?" (new Error("", "(unknown module)"))
1616379032938	Marionette	INFO	Listening on port 50119
1616379032980	Marionette	WARN	TLS certificate errors will be ignored for this session
1616379211962	Marionette	INFO	Stopped listening on port 50119

###!!! [Child][RunMessage] Error: Channel closing: too late to send/recv, messages will be lost

1616379214470	geckodriver	INFO	Listening on 127.0.0.1:50197
1616379217558	mozrunner::runner	INFO	Running command: "C:\\Program Files\\Mozilla Firefox\\firefox.exe" "--marionette" "-foreground" "-no-remote" "-profile" "C:\\Users\\jemcg\\AppData\\Local\\Temp\\rust_mozprofileEyFsGO"
console.warn: SearchSettings: "get: No settings file exists, new profile?" (new Error("", "(unknown module)"))
1616379220745	Marionette	INFO	Listening on port 50205
1616379221223	Marionette	WARN	TLS certificate errors will be ignored for this session
1616379262383	Marionette	INFO	Stopped listening on port 50205

###!!! [Child][RunMessage] Error: Channel closing: too late to send/recv, messages will be lost

1616379265806	geckodriver	INFO	Listening on 127.0.0.1:50265
1616379268885	mozrunner::runner	INFO	Running command: "C:\\Program Files\\Mozilla Firefox\\firefox.exe" "--marionette" "-foreground" "-no-remote" "-profile" "C:\\Users\\jemcg\\AppData\\Local\\Temp\\rust_mozprofilekJdNWM"
console.warn: SearchSettings: "get: No settings file exists, new profile?" (new Error("", "(unknown module)"))
1616379271061	Marionette	INFO	Listening on port 50275
1616379271522	Marionette	WARN	TLS certificate errors will be ignored for this session
1616379307642	Marionette	INFO	Stopped listening on port 50275

###!!! [Child][RunMessage] Error: Channel closing: too late to send/recv, messages will be lost

1616379310160	geckodriver	INFO	Listening on 127.0.0.1:50339
1616379313222	mozrunner::runner	INFO	Running command: "C:\\Program Files\\Mozilla Firefox\\firefox.exe" "--marionette" "-foreground" "-no-remote" "-profile" "C:\\Users\\jemcg\\AppData\\Local\\Temp\\rust_mozprofiles1QBZ3"
console.warn: SearchSettings: "get: No settings file exists, new profile?" (new Error("", "(unknown module)"))
1616379315433	Marionette	INFO	Listening on port 50347
1616379315873	Marionette	WARN	TLS certificate errors will be ignored for this session
1616379560612	Marionette	INFO	Stopped listening on port 50347

###!!! [Child][RunMessage] Error: Channel closing: too late to send/recv, messages will be lost

1616379562936	geckodriver	INFO	Listening on 127.0.0.1:50436
1616379566040	mozrunner::runner	INFO	Running command: "C:\\Program Files\\Mozilla Firefox\\firefox.exe" "--marionette" "-foreground" "-no-remote" "-profile" "C:\\Users\\jemcg\\AppData\\Local\\Temp\\rust_mozprofilebf4w7k"
console.warn: SearchSettings: "get: No settings file exists, new profile?" (new Error("", "(unknown module)"))
1616379568107	Marionette	INFO	Listening on port 50444
1616379568219	Marionette	WARN	TLS certificate errors will be ignored for this session
1616379638475	Marionette	INFO	Stopped listening on port 50444

###!!! [Child][RunMessage] Error: Channel closing: too late to send/recv, messages will be lost

1616379641530	geckodriver	INFO	Listening on 127.0.0.1:50508
1616379644620	mozrunner::runner	INFO	Running command: "C:\\Program Files\\Mozilla Firefox\\firefox.exe" "--marionette" "-foreground" "-no-remote" "-profile" "C:\\Users\\jemcg\\AppData\\Local\\Temp\\rust_mozprofilezbaMN1"
console.warn: SearchSettings: "get: No settings file exists, new profile?" (new Error("", "(unknown module)"))
1616379646803	Marionette	INFO	Listening on port 50516
1616379647319	Marionette	WARN	TLS certificate errors will be ignored for this session
1616379709412	Marionette	INFO	Stopped listening on port 50516

###!!! [Child][RunMessage] Error: Channel closing: too late to send/recv, messages will be lost

1616379712259	geckodriver	INFO	Listening on 127.0.0.1:50587
1616379715371	mozrunner::runner	INFO	Running command: "C:\\Program Files\\Mozilla Firefox\\firefox.exe" "--marionette" "-foreground" "-no-remote" "-profile" "C:\\Users\\jemcg\\AppData\\Local\\Temp\\rust_mozprofile66qdnK"
console.warn: SearchSettings: "get: No settings file exists, new profile?" (new Error("", "(unknown module)"))
1616379717468	Marionette	INFO	Listening on port 50595
1616379717575	Marionette	WARN	TLS certificate errors will be ignored for this session
1616379783208	Marionette	INFO	Stopped listening on port 50595

###!!! [Child][RunMessage] Error: Channel closing: too late to send/recv, messages will be lost

1616380022761	geckodriver	INFO	Listening on 127.0.0.1:50754
1616380025841	mozrunner::runner	INFO	Running command: "C:\\Program Files\\Mozilla Firefox\\firefox.exe" "--marionette" "-foreground" "-no-remote" "-profile" "C:\\Users\\jemcg\\AppData\\Local\\Temp\\rust_mozprofileHygt0c"
console.warn: SearchSettings: "get: No settings file exists, new profile?" (new Error("", "(unknown module)"))
1616380028055	Marionette	INFO	Listening on port 50764
1616380028542	Marionette	WARN	TLS certificate errors will be ignored for this session
1616380112756	Marionette	INFO	Stopped listening on port 50764

###!!! [Child][RunMessage] Error: Channel closing: too late to send/recv, messages will be lost

"--marionette" "-foreground" "-no-remote" "-profile" "C:\\Users\\jemcg\\AppData\\Local\\Temp\\rust_mozprofile6Puh23"
console.warn: SearchSettings: "get: No settings file exists, new profile?" (new Error("", "(unknown module)"))
1616380113976	Marionette	INFO	Listening on port 50856
1616380114095	Marionette	WARN	TLS certificate errors will be ignored for this session
1616380225496	Marionette	INFO	Stopped listening on port 50856

###!!! [Child][RunMessage] Error: Channel closing: too late to send/recv, messages will be lost

1616380227611	geckodriver	INFO	Listening on 127.0.0.1:50928
1616380230710	mozrunner::runner	INFO	Running command: "C:\\Program Files\\Mozilla Firefox\\firefox.exe" "--marionette" "-foreground" "-no-remote" "-profile" "C:\\Users\\jemcg\\AppData\\Local\\Temp\\rust_mozprofileajn79R"
console.warn: SearchSettings: "get: No settings file exists, new profile?" (new Error("", "(unknown module)"))
1616380232900	Marionette	INFO	Listening on port 50936
1616380232927	Marionette	WARN	TLS certificate errors will be ignored for this session
1616380278251	Marionette	INFO	Stopped listening on port 50936

###!!! [Child][RunMessage] Error: Channel closing: too late to send/recv, messages will be lost

1616380281219	geckodriver	INFO	Listening on 127.0.0.1:51005
1616380284330	mozrunner::runner	INFO	Running command: "C:\\Program Files\\Mozilla Firefox\\firefox.exe" "--marionette" "-foreground" "-no-remote" "-profile" "C:\\Users\\jemcg\\AppData\\Local\\Temp\\rust_mozprofilezNxHo2"
console.warn: SearchSettings: "get: No settings file exists, new profile?" (new Error("", "(unknown module)"))
1616380286472	Marionette	INFO	Listening on port 51013
1616380286539	Marionette	WARN	TLS certificate errors will be ignored for this session
[Parent 44316, IPC I/O Parent] WARNING: file /builds/worker/checkouts/gecko/ipc/chromium/src/base/process_util_win.cc:167
1616380594821	Marionette	INFO	Stopped listening on port 51013

###!!! [Child][RunMessage] Error: Channel closing: too late to send/recv, messages will be lost

"--marionette" "-foreground" "-no-remote" "-profile" "C:\\Users\\jemcg\\AppData\\Local\\Temp\\rust_mozprofileSOOQbo"
console.warn: SearchSettings: "get: No settings file exists, new profile?" (new Error("", "(unknown module)"))
1616380390446	Marionette	INFO	Listening on port 51088
1616380390523	Marionette	WARN	TLS certificate errors will be ignored for this session
1616380595910	Marionette	INFO	Stopped listening on port 51088
6380506461	mozrunner::runner	INFO	Running command: "C:\\Program Files\\Mozilla Firefox\\firefox.exe" "--marionette" "-foreground" "-no-remote" "-profile" "C:\\Users\\jemcg\\AppData\\Local\\Temp\\rust_mozprofileWDVqF6"
console.warn: SearchSettings: "get: No settings file exists, new profile?" (new Error("", "(unknown module)"))
1616380508713	Marionette	INFO	Listening on port 51159
1616380509141	Marionette	WARN	TLS certificate errors will be ignored for this session
SourceActor threw an exception: [Exception... "Component returned failure code: 0x80470002 (NS_BASE_STREAM_CLOSED) [nsIInputStream.available]"  nsresult: "0x80470002 (NS_BASE_STREAM_CLOSED)"  location: "JS frame :: resource://devtools/shared/DevToolsUtils.js :: onResponse :: line 567"  data: no]
Stack: onResponse@resource://devtools/shared/DevToolsUtils.js:567:34
onStopRequest@resource://gre/modules/NetUtil.jsm:128:18
Line: 567, column: 0
console.error: ({})
JavaScript error: resource://devtools/shared/DevToolsUtils.js, line 567: NS_BASE_STREAM_CLOSED: Component returned failure code: 0x80470002 (NS_BASE_STREAM_CLOSED) [nsIInputStream.available]
1616380861048	Marionette	INFO	Stopped listening on port 51159

###!!! [Child][RunMessage] Error: Channel closing: too late to send/recv, messages will be lost

"--marionette" "-foreground" "-no-remote" "-profile" "C:\\Users\\jemcg\\AppData\\Local\\Temp\\rust_mozprofileWbZI8u"
console.warn: SearchSettings: "get: No settings file exists, new profile?" (new Error("", "(unknown module)"))
1616380594029	Marionette	INFO	Listening on port 51238
1616380594563	Marionette	WARN	TLS certificate errors will be ignored for this session
JavaScript error: resource://gre/actors/AutoCompleteChild.jsm, line 125: Error: Invalid autocomplete selectedIndex
JavaScript error: resource://gre/actors/AutoCompleteChild.jsm, line 125: Error: Invalid autocomplete selectedIndex
JavaScript error: resource://gre/actors/AutoCompleteChild.jsm, line 125: Error: Invalid autocomplete selectedIndex
JavaScript error: resource://gre/actors/AutoCompleteChild.jsm, line 125: Error: Invalid autocomplete selectedIndex
JavaScript error: resource://gre/actors/AutoCompleteChild.jsm, line 125: Error: Invalid autocomplete selectedIndex
JavaScript error: resource://gre/actors/AutoCompleteChild.jsm, line 125: Error: Invalid autocomplete selectedIndex
JavaScript error: resource://gre/actors/AutoCompleteChild.jsm, line 125: Error: Invalid autocomplete selectedIndex
JavaScript error: resource://gre/actors/AutoCompleteChild.jsm, line 125: Error: Invalid autocomplete selectedIndex
JavaScript error: resource://gre/actors/AutoCompleteChild.jsm, line 125: Error: Invalid autocomplete selectedIndex
JavaScript error: resource://gre/actors/AutoCompleteChild.jsm, line 125: Error: Invalid autocomplete selectedIndex
JavaScript error: resource://gre/actors/AutoCompleteChild.jsm, line 125: Error: Invalid autocomplete selectedIndex
JavaScript error: resource://gre/actors/AutoCompleteChild.jsm, line 125: Error: Invalid autocomplete selectedIndex
JavaScript error: resource://gre/actors/AutoCompleteChild.jsm, line 125: Error: Invalid autocomplete selectedIndex
JavaScript error: resource://gre/actors/AutoCompleteChild.jsm, line 125: Error: Invalid autocomplete selectedIndex
JavaScript error: resource://gre/actors/AutoCompleteChild.jsm, line 125: Error: Invalid autocomplete selectedIndex
JavaScript error: resource://gre/actors/AutoCompleteChild.jsm, line 125: Error: Invalid autocomplete selectedIndex
JavaScript error: resource://gre/actors/AutoCompleteChild.jsm, line 125: Error: Invalid autocomplete selectedIndex
JavaScript error: resource://gre/actors/AutoCompleteChild.jsm, line 125: Error: Invalid autocomplete selectedIndex
JavaScript error: resource://gre/actors/AutoCompleteChild.jsm, line 125: Error: Invalid autocomplete selectedIndex
1616441969941	Marionette	INFO	Stopped listening on port 51238
known module)"))
1616393077733	Marionette	INFO	Listening on port 52861
1616393077839	Marionette	WARN	TLS certificate errors will be ignored for this session
1616393319833	Marionette	INFO	Stopped listening on port 52861

###!!! [Child][RunMessage] Error: Channel closing: too late to send/recv, messages will be lost

1616393591712	geckodriver	INFO	Listening on 127.0.0.1:53023
1616393594800	mozrunner::runner	INFO	Running command: "C:\\Program Files\\Mozilla Firefox\\firefox.exe" "--marionette" "-foreground" "-no-remote" "-profile" "C:\\Users\\jemcg\\AppData\\Local\\Temp\\rust_mozprofileDzixrB"
console.warn: SearchSettings: "get: No settings file exists, new profile?" (new Error("", "(unknown module)"))
1616393596972	Marionette	INFO	Listening on port 53031
1616393597482	Marionette	WARN	TLS certificate errors will be ignored for this session
1616393616706	Marionette	INFO	Stopped listening on port 53031

###!!! [Child][RunMessage] Error: Channel closing: too late to send/recv, messages will be lost

1616394070514	geckodriver	INFO	Listening on 127.0.0.1:53149
1616394073602	mozrunner::runner	INFO	Running command: "C:\\Program Files\\Mozilla Firefox\\firefox.exe" "--marionette" "-foreground" "-no-remote" "-profile" "C:\\Users\\jemcg\\AppData\\Local\\Temp\\rust_mozprofilejTkmYx"
console.warn: SearchSettings: "get: No settings file exists, new profile?" (new Error("", "(unknown module)"))
1616394075909	Marionette	INFO	Listening on port 53157
1616394076288	Marionette	WARN	TLS certificate errors will be ignored for this session
1616394085197	Marionette	INFO	Stopped listening on port 53157

###!!! [Child][RunMessage] Error: Channel closing: too late to send/recv, messages will be lost

1616394468713	geckodriver	INFO	Listening on 127.0.0.1:53279
1616394471798	mozrunner::runner	INFO	Running command: "C:\\Program Files\\Mozilla Firefox\\firefox.exe" "--marionette" "-foreground" "-no-remote" "-profile" "C:\\Users\\jemcg\\AppData\\Local\\Temp\\rust_mozprofileEQVbRS"
console.warn: SearchSettings: "get: No settings file exists, new profile?" (new Error("", "(unknown module)"))
1616394474533	Marionette	INFO	Listening on port 53290
1616394474970	Marionette	WARN	TLS certificate errors will be ignored for this session
1616394543300	Marionette	INFO	Stopped listening on port 53290

###!!! [Child][RunMessage] Error: Channel closing: too late to send/recv, messages will be lost

1616394546613	geckodriver	INFO	Listening on 127.0.0.1:53356
1616394549724	mozrunner::runner	INFO	Running command: "C:\\Program Files\\Mozilla Firefox\\firefox.exe" "--marionette" "-foreground" "-no-remote" "-profile" "C:\\Users\\jemcg\\AppData\\Local\\Temp\\rust_mozprofile1vuibe"
console.warn: SearchSettings: "get: No settings file exists, new profile?" (new Error("", "(unknown module)"))
1616394551867	Marionette	INFO	Listening on port 53364
1616394551927	Marionette	WARN	TLS certificate errors will be ignored for this session
1616394621608	Marionette	INFO	Stopped listening on port 53364

###!!! [Child][RunMessage] Error: Channel closing: too late to send/recv, messages will be lost

1616394624360	geckodriver	INFO	Listening on 127.0.0.1:53424
1616394627424	mozrunner::runner	INFO	Running command: "C:\\Program Files\\Mozilla Firefox\\firefox.exe" "--marionette" "-foreground" "-no-remote" "-profile" "C:\\Users\\jemcg\\AppData\\Local\\Temp\\rust_mozprofilesCTTZM"
console.warn: SearchSettings: "get: No settings file exists, new profile?" (new Error("", "(unknown module)"))
1616394629598	Marionette	INFO	Listening on port 53432
1616394629628	Marionette	WARN	TLS certificate errors will be ignored for this session
1616394640401	Marionette	INFO	Stopped listening on port 53432

###!!! [Child][RunMessage] Error: Channel closing: too late to send/recv, messages will be lost

1616394825552	geckodriver	INFO	Listening on 127.0.0.1:53518
1616394828672	mozrunner::runner	INFO	Running command: "C:\\Program Files\\Mozilla Firefox\\firefox.exe" "--marionette" "-foreground" "-no-remote" "-profile" "C:\\Users\\jemcg\\AppData\\Local\\Temp\\rust_mozprofilewjnRgH"
console.warn: SearchSettings: "get: No settings file exists, new profile?" (new Error("", "(unknown module)"))
1616394830761	Marionette	INFO	Listening on port 53526
1616394830860	Marionette	WARN	TLS certificate errors will be ignored for this session
1616394865036	Marionette	INFO	Stopped listening on port 53526

###!!! [Child][RunMessage] Error: Channel closing: too late to send/recv, messages will be lost

1616395576407	geckodriver	INFO	Listening on 127.0.0.1:53683
1616395579478	mozrunner::runner	INFO	Running command: "C:\\Program Files\\Mozilla Firefox\\firefox.exe" "--marionette" "-foreground" "-no-remote" "-profile" "C:\\Users\\jemcg\\AppData\\Local\\Temp\\rust_mozprofileDEBvZr"
console.warn: SearchSettings: "get: No settings file exists, new profile?" (new Error("", "(unknown module)"))
1616395581774	Marionette	INFO	Listening on port 53691
1616395582122	Marionette	WARN	TLS certificate errors will be ignored for this session
1616431099236	Marionette	INFO	Stopped listening on port 53691

###!!! [Child][RunMessage] Error: Channel closing: too late to send/recv, messages will be lost

1616431102337	geckodriver	INFO	Listening on 127.0.0.1:54796
1616431105434	mozrunner::runner	INFO	Running command: "C:\\Program Files\\Mozilla Firefox\\firefox.exe" "--marionette" "-foreground" "-no-remote" "-profile" "C:\\Users\\jemcg\\AppData\\Local\\Temp\\rust_mozprofileV1HCBL"
console.warn: SearchSettings: "get: No settings file exists, new profile?" (new Error("", "(unknown module)"))
1616431107919	Marionette	INFO	Listening on port 54804
1616431108111	Marionette	WARN	TLS certificate errors will be ignored for this session
1616431122814	Marionette	INFO	Stopped listening on port 54804

###!!! [Child][RunMessage] Error: Channel closing: too late to send/recv, messages will be lost

1616431214614	geckodriver	INFO	Listening on 127.0.0.1:54879
1616431217689	mozrunner::runner	INFO	Running command: "C:\\Program Files\\Mozilla Firefox\\firefox.exe" "--marionette" "-foreground" "-no-remote" "-profile" "C:\\Users\\jemcg\\AppData\\Local\\Temp\\rust_mozprofile4pa4YQ"
console.warn: SearchSettings: "get: No settings file exists, new profile?" (new Error("", "(unknown module)"))
1616431219968	Marionette	INFO	Listening on port 54887
1616431220345	Marionette	WARN	TLS certificate errors will be ignored for this session
1616431294640	Marionette	INFO	Stopped listening on port 54887

###!!! [Child][RunMessage] Error: Channel closing: too late to send/recv, messages will be lost

1616431610761	geckodriver	INFO	Listening on 127.0.0.1:54983
1616431613852	mozrunner::runner	INFO	Running command: "C:\\Program Files\\Mozilla Firefox\\firefox.exe" "--marionette" "-foreground" "-no-remote" "-profile" "C:\\Users\\jemcg\\AppData\\Local\\Temp\\rust_mozprofilecl9TRC"
console.warn: SearchSettings: "get: No settings file exists, new profile?" (new Error("", "(unknown module)"))
1616431616183	Marionette	INFO	Listening on port 54991
1616431616563	Marionette	WARN	TLS certificate errors will be ignored for this session
1616431628941	Marionette	INFO	Stopped listening on port 54991

###!!! [Child][RunMessage] Error: Channel closing: too late to send/recv, messages will be lost

1616431791657	geckodriver	INFO	Listening on 127.0.0.1:55066
1616431794737	mozrunner::runner	INFO	Running command: "C:\\Program Files\\Mozilla Firefox\\firefox.exe" "--marionette" "-foreground" "-no-remote" "-profile" "C:\\Users\\jemcg\\AppData\\Local\\Temp\\rust_mozprofileEKNf6w"
console.warn: SearchSettings: "get: No settings file exists, new profile?" (new Error("", "(unknown module)"))
1616431797269	Marionette	INFO	Listening on port 55074
1616431797431	Marionette	WARN	TLS certificate errors will be ignored for this session
1616431808543	Marionette	INFO	Stopped listening on port 55074

###!!! [Child][RunMessage] Error: Channel closing: too late to send/recv, messages will be lost

1616431838296	geckodriver	INFO	Listening on 127.0.0.1:55138
1616431841377	mozrunner::runner	INFO	Running command: "C:\\Program Files\\Mozilla Firefox\\firefox.exe" "--marionette" "-foreground" "-no-remote" "-profile" "C:\\Users\\jemcg\\AppData\\Local\\Temp\\rust_mozprofileyPMA2U"
console.warn: SearchSettings: "get: No settings file exists, new profile?" (new Error("", "(unknown module)"))
1616431843636	Marionette	INFO	Listening on port 55146
1616431844080	Marionette	WARN	TLS certificate errors will be ignored for this session
1616431860683	Marionette	INFO	Stopped listening on port 55146

###!!! [Child][RunMessage] Error: Channel closing: too late to send/recv, messages will be lost

1616431961396	geckodriver	INFO	Listening on 127.0.0.1:55218
1616431964448	mozrunner::runner	INFO	Running command: "C:\\Program Files\\Mozilla Firefox\\firefox.exe" "--marionette" "-foreground" "-no-remote" "-profile" "C:\\Users\\jemcg\\AppData\\Local\\Temp\\rust_mozprofiles1TcBi"
console.warn: SearchSettings: "get: No settings file exists, new profile?" (new Error("", "(unknown module)"))
1616431966579	Marionette	INFO	Listening on port 55227
1616431966619	Marionette	WARN	TLS certificate errors will be ignored for this session
1616432002546	Marionette	INFO	Stopped listening on port 55227
1616432190237	geckodriver	INFO	Listening on 127.0.0.1:55324
1616432193295	mozrunner::runner	INFO	Running command: "C:\\Program Files\\Mozilla Firefox\\firefox.exe" "--marionette" "-foreground" "-no-remote" "-profile" "C:\\Users\\jemcg\\AppData\\Local\\Temp\\rust_mozprofilecNP3wI"
console.warn: SearchSettings: "get: No settings file exists, new profile?" (new Error("", "(unknown module)"))
1616432195551	Marionette	INFO	Listening on port 55334
1616432195966	Marionette	WARN	TLS certificate errors will be ignored for this session
1616432215053	Marionette	INFO	Stopped listening on port 55334
1616432358622	geckodriver	INFO	Listening on 127.0.0.1:55410
1616432361711	mozrunner::runner	INFO	Running command: "C:\\Program Files\\Mozilla Firefox\\firefox.exe" "--marionette" "-foreground" "-no-remote" "-profile" "C:\\Users\\jemcg\\AppData\\Local\\Temp\\rust_mozprofileK0MBvR"
console.warn: SearchSettings: "get: No settings file exists, new profile?" (new Error("", "(unknown module)"))
1616432363774	Marionette	INFO	Listening on port 55418
1616432363882	Marionette	WARN	TLS certificate errors will be ignored for this session
1616432454647	Marionette	INFO	Stopped listening on port 55418

###!!! [Child][RunMessage] Error: Channel closing: too late to send/recv, messages will be lost

1616432456867	geckodriver	INFO	Listening on 127.0.0.1:55488
1616432459938	mozrunner::runner	INFO	Running command: "C:\\Program Files\\Mozilla Firefox\\firefox.exe" "--marionette" "-foreground" "-no-remote" "-profile" "C:\\Users\\jemcg\\AppData\\Local\\Temp\\rust_mozprofilej1RIAW"
console.warn: SearchSettings: "get: No settings file exists, new profile?" (new Error("", "(unknown module)"))
1616432462164	Marionette	INFO	Listening on port 55496
1616432462617	Marionette	WARN	TLS certificate errors will be ignored for this session
1616432612868	Marionette	INFO	Stopped listening on port 55496
1616432615072	geckodriver	INFO	Listening on 127.0.0.1:55609
1616432618159	mozrunner::runner	INFO	Running command: "C:\\Program Files\\Mozilla Firefox\\firefox.exe" "--marionette" "-foreground" "-no-remote" "-profile" "C:\\Users\\jemcg\\AppData\\Local\\Temp\\rust_mozprofileVDxO5v"
console.warn: SearchSettings: "get: No settings file exists, new profile?" (new Error("", "(unknown module)"))
1616432620215	Marionette	INFO	Listening on port 55617
1616432620241	Marionette	WARN	TLS certificate errors will be ignored for this session
1616432626507	Marionette	INFO	Stopped listening on port 55617

###!!! [Child][RunMessage] Error: Channel closing: too late to send/recv, messages will be lost

1616432816589	geckodriver	INFO	Listening on 127.0.0.1:55689
1616432819681	mozrunner::runner	INFO	Running command: "C:\\Program Files\\Mozilla Firefox\\firefox.exe" "--marionette" "-foreground" "-no-remote" "-profile" "C:\\Users\\jemcg\\AppData\\Local\\Temp\\rust_mozprofile3v4dda"
console.warn: SearchSettings: "get: No settings file exists, new profile?" (new Error("", "(unknown module)"))
1616432821920	Marionette	INFO	Listening on port 55697
1616432822395	Marionette	WARN	TLS certificate errors will be ignored for this session
1616432830980	Marionette	INFO	Stopped listening on port 55697

###!!! [Child][RunMessage] Error: Channel closing: too late to send/recv, messages will be lost

1616433098250	geckodriver	INFO	Listening on 127.0.0.1:55781
1616433101372	mozrunner::runner	INFO	Running command: "C:\\Program Files\\Mozilla Firefox\\firefox.exe" "--marionette" "-foreground" "-no-remote" "-profile" "C:\\Users\\jemcg\\AppData\\Local\\Temp\\rust_mozprofileMg8Lw0"
console.warn: SearchSettings: "get: No settings file exists, new profile?" (new Error("", "(unknown module)"))
1616433103462	Marionette	INFO	Listening on port 55789
1616433103564	Marionette	WARN	TLS certificate errors will be ignored for this session
1616433109858	Marionette	INFO	Stopped listening on port 55789

###!!! [Child][RunMessage] Error: Channel closing: too late to send/recv, messages will be lost

1616434448670	geckodriver	INFO	Listening on 127.0.0.1:55981
1616434451749	mozrunner::runner	INFO	Running command: "C:\\Program Files\\Mozilla Firefox\\firefox.exe" "--marionette" "-headless" "-foreground" "-no-remote" "-profile" "C:\\Users\\jemcg\\AppData\\Local\\Temp\\rust_mozprofileRxsUgq"
*** You are running in headless mode.
console.warn: SearchSettings: "get: No settings file exists, new profile?" (new Error("", "(unknown module)"))
1616434452995	Marionette	INFO	Listening on port 55989
1616434453291	Marionette	WARN	TLS certificate errors will be ignored for this session
1616434461723	Marionette	INFO	Stopped listening on port 55989
1616434638477	geckodriver	INFO	Listening on 127.0.0.1:56065
1616434641580	mozrunner::runner	INFO	Running command: "C:\\Program Files\\Mozilla Firefox\\firefox.exe" "--marionette" "-headless" "-foreground" "-no-remote" "-profile" "C:\\Users\\jemcg\\AppData\\Local\\Temp\\rust_mozprofilevLTY0W"
*** You are running in headless mode.
console.warn: SearchSettings: "get: No settings file exists, new profile?" (new Error("", "(unknown module)"))
1616434642920	Marionette	INFO	Listening on port 56073
1616434643127	Marionette	WARN	TLS certificate errors will be ignored for this session
1616434647450	Marionette	INFO	Stopped listening on port 56073
1616434973796	geckodriver	INFO	Listening on 127.0.0.1:56158
1616434976887	mozrunner::runner	INFO	Running command: "C:\\Program Files\\Mozilla Firefox\\firefox.exe" "--marionette" "-headless" "-foreground" "-no-remote" "-profile" "C:\\Users\\jemcg\\AppData\\Local\\Temp\\rust_mozprofile5A0Evi"
*** You are running in headless mode.
console.warn: SearchSettings: "get: No settings file exists, new profile?" (new Error("", "(unknown module)"))
1616434978204	Marionette	INFO	Listening on port 56166
1616434978435	Marionette	WARN	TLS certificate errors will be ignored for this session
1616434989918	Marionette	INFO	Stopped listening on port 56166
6434981519	mozrunner::runner	INFO	Running command: "C:\\Program Files\\Mozilla Firefox\\firefox.exe" "--marionette" "-headless" "-foreground" "-no-remote" "-profile" "C:\\Users\\jemcg\\AppData\\Local\\Temp\\rust_mozprofile0nYLfx"
*** You are running in headless mode.
console.warn: SearchSettings: "get: No settings file exists, new profile?" (new Error("", "(unknown module)"))
1616434982835	Marionette	INFO	Listening on port 56222
1616434983065	Marionette	WARN	TLS certificate errors will be ignored for this session
1616435337485	geckodriver	INFO	Listening on 127.0.0.1:56316
1616435340585	mozrunner::runner	INFO	Running command: "C:\\Program Files\\Mozilla Firefox\\firefox.exe" "--marionette" "-headless" "-foreground" "-no-remote" "-profile" "C:\\Users\\jemcg\\AppData\\Local\\Temp\\rust_mozprofile372Jwp"
*** You are running in headless mode.
console.warn: SearchSettings: "get: No settings file exists, new profile?" (new Error("", "(unknown module)"))
1616435341936	Marionette	INFO	Listening on port 56324
1616435342132	Marionette	WARN	TLS certificate errors will be ignored for this session
1616435348338	Marionette	INFO	Stopped listening on port 56324
6435345218	mozrunner::runner	INFO	Running command: "C:\\Program Files\\Mozilla Firefox\\firefox.exe" "--marionette" "-foreground" "-no-remote" "-profile" "C:\\Users\\jemcg\\AppData\\Local\\Temp\\rust_mozprofile2KjW27"
console.warn: SearchSettings: "get: No settings file exists, new profile?" (new Error("", "(unknown module)"))
1616435347737	Marionette	INFO	Listening on port 56380
1616435347881	Marionette	WARN	TLS certificate errors will be ignored for this session
1616435356973	Marionette	INFO	Stopped listening on port 56380

###!!! [Child][RunMessage] Error: Channel closing: too late to send/recv, messages will be lost

1616435664270	geckodriver	INFO	Listening on 127.0.0.1:56471
1616435667356	mozrunner::runner	INFO	Running command: "C:\\Program Files\\Mozilla Firefox\\firefox.exe" "--marionette" "-headless" "-foreground" "-no-remote" "-profile" "C:\\Users\\jemcg\\AppData\\Local\\Temp\\rust_mozprofilenHbgt1"
*** You are running in headless mode.
console.warn: SearchSettings: "get: No settings file exists, new profile?" (new Error("", "(unknown module)"))
1616435668828	Marionette	INFO	Listening on port 56479
1616435668905	Marionette	WARN	TLS certificate errors will be ignored for this session
1616435669374	Marionette	INFO	Stopped listening on port 56479

###!!! [Parent][RunMessage] Error: Channel closing: too late to send/recv, messages will be lost

1616435723727	geckodriver	INFO	Listening on 127.0.0.1:56549
1616435726816	mozrunner::runner	INFO	Running command: "C:\\Program Files\\Mozilla Firefox\\firefox.exe" "--marionette" "-headless" "-foreground" "-no-remote" "-profile" "C:\\Users\\jemcg\\AppData\\Local\\Temp\\rust_mozprofile3gVMQB"
*** You are running in headless mode.
console.warn: SearchSettings: "get: No settings file exists, new profile?" (new Error("", "(unknown module)"))
1616435728116	Marionette	INFO	Listening on port 56557
1616435728364	Marionette	WARN	TLS certificate errors will be ignored for this session
1616435728939	Marionette	INFO	Stopped listening on port 56557
1616435891262	geckodriver	INFO	Listening on 127.0.0.1:56623
1616435894355	mozrunner::runner	INFO	Running command: "C:\\Program Files\\Mozilla Firefox\\firefox.exe" "--marionette" "-headless" "-foreground" "-no-remote" "-profile" "C:\\Users\\jemcg\\AppData\\Local\\Temp\\rust_mozprofileigYvZW"
*** You are running in headless mode.
console.warn: SearchSettings: "get: No settings file exists, new profile?" (new Error("", "(unknown module)"))
1616435895786	Marionette	INFO	Listening on port 56631
1616435895897	Marionette	WARN	TLS certificate errors will be ignored for this session
1616435908954	Marionette	INFO	Stopped listening on port 56631
6435905832	mozrunner::runner	INFO	Running command: "C:\\Program Files\\Mozilla Firefox\\firefox.exe" "--marionette" "-foreground" "-no-remote" "-profile" "C:\\Users\\jemcg\\AppData\\Local\\Temp\\rust_mozprofileLAKYOM"
console.warn: SearchSettings: "get: No settings file exists, new profile?" (new Error("", "(unknown module)"))
1616435908346	Marionette	INFO	Listening on port 56700
1616435908516	Marionette	WARN	TLS certificate errors will be ignored for this session
1616435922793	Marionette	INFO	Stopped listening on port 56700

###!!! [Child][RunMessage] Error: Channel closing: too late to send/recv, messages will be lost

1616435949056	geckodriver	INFO	Listening on 127.0.0.1:56777
1616435952095	mozrunner::runner	INFO	Running command: "C:\\Program Files\\Mozilla Firefox\\firefox.exe" "--marionette" "-headless" "-foreground" "-no-remote" "-profile" "C:\\Users\\jemcg\\AppData\\Local\\Temp\\rust_mozprofileyImYxf"
*** You are running in headless mode.
console.warn: SearchSettings: "get: No settings file exists, new profile?" (new Error("", "(unknown module)"))
1616435953471	Marionette	INFO	Listening on port 56785
1616435953643	Marionette	WARN	TLS certificate errors will be ignored for this session
1616436020830	Marionette	INFO	Stopped listening on port 56785
6436017827	mozrunner::runner	INFO	Running command: "C:\\Program Files\\Mozilla Firefox\\firefox.exe" "--marionette" "-foreground" "-no-remote" "-profile" "C:\\Users\\jemcg\\AppData\\Local\\Temp\\rust_mozprofileox3jHe"
console.warn: SearchSettings: "get: No settings file exists, new profile?" (new Error("", "(unknown module)"))
1616436020133	Marionette	INFO	Listening on port 56869
1616436020495	Marionette	WARN	TLS certificate errors will be ignored for this session
1616436195829	Marionette	INFO	Stopped listening on port 56869

###!!! [Child][RunMessage] Error: Channel closing: too late to send/recv, messages will be lost

1616436198936	geckodriver	INFO	Listening on 127.0.0.1:56933
1616436202003	mozrunner::runner	INFO	Running command: "C:\\Program Files\\Mozilla Firefox\\firefox.exe" "--marionette" "-headless" "-foreground" "-no-remote" "-profile" "C:\\Users\\jemcg\\AppData\\Local\\Temp\\rust_mozprofile92UV8H"
*** You are running in headless mode.
console.warn: SearchSettings: "get: No settings file exists, new profile?" (new Error("", "(unknown module)"))
1616436203298	Marionette	INFO	Listening on port 56942
1616436203553	Marionette	WARN	TLS certificate errors will be ignored for this session
1616436214598	Marionette	INFO	Stopped listening on port 56942
6436211856	mozrunner::runner	INFO	Running command: "C:\\Program Files\\Mozilla Firefox\\firefox.exe" "--marionette" "-foreground" "-no-remote" "-profile" "C:\\Users\\jemcg\\AppData\\Local\\Temp\\rust_mozprofileOMks0X"
console.warn: SearchSettings: "get: No settings file exists, new profile?" (new Error("", "(unknown module)"))
1616436213801	Marionette	INFO	Listening on port 57005
1616436213911	Marionette	WARN	TLS certificate errors will be ignored for this session
1616436242731	Marionette	INFO	Stopped listening on port 57005

###!!! [Child][RunMessage] Error: Channel closing: too late to send/recv, messages will be lost

1616436267717	geckodriver	INFO	Listening on 127.0.0.1:57057
1616436270816	mozrunner::runner	INFO	Running command: "C:\\Program Files\\Mozilla Firefox\\firefox.exe" "--marionette" "-headless" "-foreground" "-no-remote" "-profile" "C:\\Users\\jemcg\\AppData\\Local\\Temp\\rust_mozprofilegJs3If"
*** You are running in headless mode.
console.warn: SearchSettings: "get: No settings file exists, new profile?" (new Error("", "(unknown module)"))
1616436272025	Marionette	INFO	Listening on port 57065
1616436272364	Marionette	WARN	TLS certificate errors will be ignored for this session
1616436291560	Marionette	INFO	Stopped listening on port 57065
6436288368	mozrunner::runner	INFO	Running command: "C:\\Program Files\\Mozilla Firefox\\firefox.exe" "--marionette" "-foreground" "-no-remote" "-profile" "C:\\Users\\jemcg\\AppData\\Local\\Temp\\rust_mozprofileOMrgnQ"
console.warn: SearchSettings: "get: No settings file exists, new profile?" (new Error("", "(unknown module)"))
1616436290552	Marionette	INFO	Listening on port 57133
1616436291033	Marionette	WARN	TLS certificate errors will be ignored for this session
1616436366877	Marionette	INFO	Stopped listening on port 57133

###!!! [Child][RunMessage] Error: Channel closing: too late to send/recv, messages will be lost

"--marionette" "-headless" "-foreground" "-no-remote" "-profile" "C:\\Users\\jemcg\\AppData\\Local\\Temp\\rust_mozprofileTXUmgU"
*** You are running in headless mode.
console.warn: SearchSettings: "get: No settings file exists, new profile?" (new Error("", "(unknown module)"))
1616436315102	Marionette	INFO	Listening on port 57195
1616436315364	Marionette	WARN	TLS certificate errors will be ignored for this session
1616436327200	Marionette	INFO	Stopped listening on port 57195
6436324079	mozrunner::runner	INFO	Running command: "C:\\Program Files\\Mozilla Firefox\\firefox.exe" "--marionette" "-foreground" "-no-remote" "-profile" "C:\\Users\\jemcg\\AppData\\Local\\Temp\\rust_mozprofilemLj9q8"
console.warn: SearchSettings: "get: No settings file exists, new profile?" (new Error("", "(unknown module)"))
1616436326281	Marionette	INFO	Listening on port 57255
1616436326755	Marionette	WARN	TLS certificate errors will be ignored for this session
1616436367779	Marionette	INFO	Stopped listening on port 57255

###!!! [Child][RunMessage] Error: Channel closing: too late to send/recv, messages will be lost

1616436382588	geckodriver	INFO	Listening on 127.0.0.1:57309
1616436385673	mozrunner::runner	INFO	Running command: "C:\\Program Files\\Mozilla Firefox\\firefox.exe" "--marionette" "-headless" "-foreground" "-no-remote" "-profile" "C:\\Users\\jemcg\\AppData\\Local\\Temp\\rust_mozprofilerdWiWn"
*** You are running in headless mode.
console.warn: SearchSettings: "get: No settings file exists, new profile?" (new Error("", "(unknown module)"))
1616436386888	Marionette	INFO	Listening on port 57317
1616436387218	Marionette	WARN	TLS certificate errors will be ignored for this session
1616436405530	Marionette	INFO	Stopped listening on port 57317
6436402134	mozrunner::runner	INFO	Running command: "C:\\Program Files\\Mozilla Firefox\\firefox.exe" "--marionette" "-foreground" "-no-remote" "-profile" "C:\\Users\\jemcg\\AppData\\Local\\Temp\\rust_mozprofilepWZMlm"
console.warn: SearchSettings: "get: No settings file exists, new profile?" (new Error("", "(unknown module)"))
1616436404330	Marionette	INFO	Listening on port 57385
1616436404800	Marionette	WARN	TLS certificate errors will be ignored for this session
1616437582246	Marionette	INFO	Stopped listening on port 57385

###!!! [Child][RunMessage] Error: Channel closing: too late to send/recv, messages will be lost

1616441557341	geckodriver	INFO	Listening on 127.0.0.1:58040
1616441560391	mozrunner::runner	INFO	Running command: "C:\\Program Files\\Mozilla Firefox\\firefox.exe" "--marionette" "-headless" "-foreground" "-no-remote" "-profile" "C:\\Users\\jemcg\\AppData\\Local\\Temp\\rust_mozprofileZyUmmJ"
*** You are running in headless mode.
console.warn: SearchSettings: "get: No settings file exists, new profile?" (new Error("", "(unknown module)"))
1616441561662	Marionette	INFO	Listening on port 58048
1616441561944	Marionette	WARN	TLS certificate errors will be ignored for this session
1616441575703	Marionette	INFO	Stopped listening on port 58048
6441572855	mozrunner::runner	INFO	Running command: "C:\\Program Files\\Mozilla Firefox\\firefox.exe" "--marionette" "-foreground" "-no-remote" "-profile" "C:\\Users\\jemcg\\AppData\\Local\\Temp\\rust_mozprofiledm9KjP"
console.warn: SearchSettings: "get: No settings file exists, new profile?" (new Error("", "(unknown module)"))
1616441574999	Marionette	INFO	Listening on port 58115
1616441575019	Marionette	WARN	TLS certificate errors will be ignored for this session
1616441586724	Marionette	INFO	Stopped listening on port 58115
1616441601548	geckodriver	INFO	Listening on 127.0.0.1:58167
1616441604646	mozrunner::runner	INFO	Running command: "C:\\Program Files\\Mozilla Firefox\\firefox.exe" "--marionette" "-headless" "-foreground" "-no-remote" "-profile" "C:\\Users\\jemcg\\AppData\\Local\\Temp\\rust_mozprofileHyR1js"
*** You are running in headless mode.
console.warn: SearchSettings: "get: No settings file exists, new profile?" (new Error("", "(unknown module)"))
1616441605845	Marionette	INFO	Listening on port 58175
1616441606194	Marionette	WARN	TLS certificate errors will be ignored for this session
1616441618827	Marionette	INFO	Stopped listening on port 58175
6441616275	mozrunner::runner	INFO	Running command: "C:\\Program Files\\Mozilla Firefox\\firefox.exe" "--marionette" "-foreground" "-no-remote" "-profile" "C:\\Users\\jemcg\\AppData\\Local\\Temp\\rust_mozprofilepgXalx"
console.warn: SearchSettings: "get: No settings file exists, new profile?" (new Error("", "(unknown module)"))
1616441618334	Marionette	INFO	Listening on port 58242
1616441618441	Marionette	WARN	TLS certificate errors will be ignored for this session
1616441627447	Marionette	INFO	Stopped listening on port 58242

###!!! [Child][RunMessage] Error: Channel closing: too late to send/recv, messages will be lost

1616441851045	geckodriver	INFO	Listening on 127.0.0.1:58352
1616441854140	mozrunner::runner	INFO	Running command: "C:\\Program Files\\Mozilla Firefox\\firefox.exe" "--marionette" "-headless" "-foreground" "-no-remote" "-profile" "C:\\Users\\jemcg\\AppData\\Local\\Temp\\rust_mozprofileKK1sm9"
*** You are running in headless mode.
console.warn: SearchSettings: "get: No settings file exists, new profile?" (new Error("", "(unknown module)"))
1616441855427	Marionette	INFO	Listening on port 58360
1616441855689	Marionette	WARN	TLS certificate errors will be ignored for this session
1616441954055	Marionette	INFO	Stopped listening on port 58360
6441867288	mozrunner::runner	INFO	Running command: "C:\\Program Files\\Mozilla Firefox\\firefox.exe" "--marionette" "-foreground" "-no-remote" "-profile" "C:\\Users\\jemcg\\AppData\\Local\\Temp\\rust_mozprofileWDurL7"
console.warn: SearchSettings: "get: No settings file exists, new profile?" (new Error("", "(unknown module)"))
1616441869452	Marionette	INFO	Listening on port 58431
1616441869948	Marionette	WARN	TLS certificate errors will be ignored for this session
1616441964477	Marionette	INFO	Stopped listening on port 58431

###!!! [Child][RunMessage] Error: Channel closing: too late to send/recv, messages will be lost

"--marionette" "-foreground" "-no-remote" "-profile" "C:\\Users\\jemcg\\AppData\\Local\\Temp\\rust_mozprofilep4iy5h"
console.warn: SearchSettings: "get: No settings file exists, new profile?" (new Error("", "(unknown module)"))
1616441890727	Marionette	INFO	Listening on port 58488
1616441891155	Marionette	WARN	TLS certificate errors will be ignored for this session
1616441965369	Marionette	INFO	Stopped listening on port 58488

###!!! [Child][RunMessage] Error: Channel closing: too late to send/recv, messages will be lost

"--marionette" "-foreground" "-no-remote" "-profile" "C:\\Users\\jemcg\\AppData\\Local\\Temp\\rust_mozprofileriw9pC"
console.warn: SearchSettings: "get: No settings file exists, new profile?" (new Error("", "(unknown module)"))
1616441945574	Marionette	INFO	Listening on port 58557
1616441945891	Marionette	WARN	TLS certificate errors will be ignored for this session
1616441966449	Marionette	INFO	Stopped listening on port 58557

###!!! [Child][RunMessage] Error: Channel closing: too late to send/recv, messages will be lost

1616443251546	geckodriver	INFO	Listening on 127.0.0.1:58808
1616443254636	mozrunner::runner	INFO	Running command: "C:\\Program Files\\Mozilla Firefox\\firefox.exe" "--marionette" "-headless" "-foreground" "-no-remote" "-profile" "C:\\Users\\jemcg\\AppData\\Local\\Temp\\rust_mozprofilebNuZJa"
*** You are running in headless mode.
console.warn: SearchSettings: "get: No settings file exists, new profile?" (new Error("", "(unknown module)"))
1616443256049	Marionette	INFO	Listening on port 58818
1616443256171	Marionette	WARN	TLS certificate errors will be ignored for this session
1616443284242	Marionette	INFO	Stopped listening on port 58818
6443276325	mozrunner::runner	INFO	Running command: "C:\\Program Files\\Mozilla Firefox\\firefox.exe" "--marionette" "-foreground" "-no-remote" "-profile" "C:\\Users\\jemcg\\AppData\\Local\\Temp\\rust_mozprofileWe5XNB"
console.warn: SearchSettings: "get: No settings file exists, new profile?" (new Error("", "(unknown module)"))
1616443278498	Marionette	INFO	Listening on port 58884
1616443278520	Marionette	WARN	TLS certificate errors will be ignored for this session
1616443290722	Marionette	INFO	Stopped listening on port 58884

###!!! [Child][RunMessage] Error: Channel closing: too late to send/recv, messages will be lost

1616443299486	geckodriver	INFO	Listening on 127.0.0.1:58935
1616443302596	mozrunner::runner	INFO	Running command: "C:\\Program Files\\Mozilla Firefox\\firefox.exe" "--marionette" "-headless" "-foreground" "-no-remote" "-profile" "C:\\Users\\jemcg\\AppData\\Local\\Temp\\rust_mozprofiletf3FNt"
*** You are running in headless mode.
console.warn: SearchSettings: "get: No settings file exists, new profile?" (new Error("", "(unknown module)"))
1616443303846	Marionette	INFO	Listening on port 58943
1616443304161	Marionette	WARN	TLS certificate errors will be ignored for this session
1616443355497	Marionette	INFO	Stopped listening on port 58943
6443325068	mozrunner::runner	INFO	Running command: "C:\\Program Files\\Mozilla Firefox\\firefox.exe" "--marionette" "-foreground" "-no-remote" "-profile" "C:\\Users\\jemcg\\AppData\\Local\\Temp\\rust_mozprofileZlmqSh"
console.warn: SearchSettings: "get: No settings file exists, new profile?" (new Error("", "(unknown module)"))
1616443327250	Marionette	INFO	Listening on port 59010
1616443327770	Marionette	WARN	TLS certificate errors will be ignored for this session
1616443350813	Marionette	INFO	Stopped listening on port 59010

###!!! [Child][RunMessage] Error: Channel closing: too late to send/recv, messages will be lost

1616443426066	geckodriver	INFO	Listening on 127.0.0.1:59099
1616443429165	mozrunner::runner	INFO	Running command: "C:\\Program Files\\Mozilla Firefox\\firefox.exe" "--marionette" "-headless" "-foreground" "-no-remote" "-profile" "C:\\Users\\jemcg\\AppData\\Local\\Temp\\rust_mozprofileakUN5X"
*** You are running in headless mode.
console.warn: SearchSettings: "get: No settings file exists, new profile?" (new Error("", "(unknown module)"))
1616443430552	Marionette	INFO	Listening on port 59109
1616443430728	Marionette	WARN	TLS certificate errors will be ignored for this session
1616443525979	Marionette	INFO	Stopped listening on port 59109
6443482645	mozrunner::runner	INFO	Running command: "C:\\Program Files\\Mozilla Firefox\\firefox.exe" "--marionette" "-foreground" "-no-remote" "-profile" "C:\\Users\\jemcg\\AppData\\Local\\Temp\\rust_mozprofile6Ju2eH"
console.warn: SearchSettings: "get: No settings file exists, new profile?" (new Error("", "(unknown module)"))
1616443484994	Marionette	INFO	Listening on port 59171
1616443485323	Marionette	WARN	TLS certificate errors will be ignored for this session
JavaScript error: resource://gre/actors/AutoCompleteChild.jsm, line 125: Error: Invalid autocomplete selectedIndex
console.warn: "Async method failed in safeAsyncMethod" (new Error("Connection closed, pending request to server0.conn0.child3/domwalker25, type cancelPick failed\n\nRequest stack:\nrequest@resource://devtools/shared/protocol/Front.js:288:14\ngenerateRequestMethods/</frontProto[name]@resource://devtools/shared/protocol/Front/FrontClassWithSpec.js:46:19\ncancelPick@resource://devtools/client/fronts/walker.js:546:18\nexports.safeAsyncMethod/<@resource://devtools/shared/async-utils.js:57:25\n_onInspectorFrontDestroyed@resource://devtools/client/inspector/node-picker.js:114:18\n_emit@resource://devtools/shared/event-emitter.js:226:34\nemit@resource://devtools/shared/event-emitter.js:172:18\nemit@resource://devtools/shared/event-emitter.js:324:18\nunmanage@resource://devtools/shared/protocol/Front.js:168:37\ndestroy@resource://devtools/shared/protocol/Pool.js:174:14\nbaseFrontClassDestroy@resource://devtools/shared/protocol/Front.js:103:13\ndestroy@resource://devtools/shared/protocol/Front.js:67:10\ndestroy@resource://devtools/client/fronts/inspector.js:91:11\n_destroyTarget@resource://devtools/client/fronts/targets/target-mixin.js:609:17\n", "resource://devtools/shared/protocol/Front.js", 99))
1616443524271	Marionette	INFO	Stopped listening on port 59171

###!!! [Child][RunMessage] Error: Channel closing: too late to send/recv, messages will be lost

1616443857556	geckodriver	INFO	Listening on 127.0.0.1:59265
1616443860686	mozrunner::runner	INFO	Running command: "C:\\Program Files\\Mozilla Firefox\\firefox.exe" "--marionette" "-headless" "-foreground" "-no-remote" "-profile" "C:\\Users\\jemcg\\AppData\\Local\\Temp\\rust_mozprofileuO0G3g"
*** You are running in headless mode.
console.warn: SearchSettings: "get: No settings file exists, new profile?" (new Error("", "(unknown module)"))
1616443861936	Marionette	INFO	Listening on port 59273
1616443862279	Marionette	WARN	TLS certificate errors will be ignored for this session
1616444112077	Marionette	INFO	Stopped listening on port 59273

###!!! [Parent][RunMessage] Error: Channel closing: too late to send/recv, messages will be lost

--marionette" "-foreground" "-no-remote" "-profile" "C:\\Users\\jemcg\\AppData\\Local\\Temp\\rust_mozprofileQWwTR4"
console.warn: SearchSettings: "get: No settings file exists, new profile?" (new Error("", "(unknown module)"))
1616443884305	Marionette	INFO	Listening on port 59337
1616443884798	Marionette	WARN	TLS certificate errors will be ignored for this session
1616443936489	Marionette	INFO	Stopped listening on port 59337

###!!! [Child][RunMessage] Error: Channel closing: too late to send/recv, messages will be lost

1616444114725	geckodriver	INFO	Listening on 127.0.0.1:59427
1616444117836	mozrunner::runner	INFO	Running command: "C:\\Program Files\\Mozilla Firefox\\firefox.exe" "--marionette" "-headless" "-foreground" "-no-remote" "-profile" "C:\\Users\\jemcg\\AppData\\Local\\Temp\\rust_mozprofileIFtpeD"
*** You are running in headless mode.
console.warn: SearchSettings: "get: No settings file exists, new profile?" (new Error("", "(unknown module)"))
1616444119046	Marionette	INFO	Listening on port 59435
1616444119369	Marionette	WARN	TLS certificate errors will be ignored for this session
1616444194763	Marionette	INFO	Stopped listening on port 59435
6444135843	mozrunner::runner	INFO	Running command: "C:\\Program Files\\Mozilla Firefox\\firefox.exe" "--marionette" "-foreground" "-no-remote" "-profile" "C:\\Users\\jemcg\\AppData\\Local\\Temp\\rust_mozprofileEJY4eB"
console.warn: SearchSettings: "get: No settings file exists, new profile?" (new Error("", "(unknown module)"))
1616444137962	Marionette	INFO	Listening on port 59503
1616444138017	Marionette	WARN	TLS certificate errors will be ignored for this session
1616444833600	Marionette	INFO	Stopped listening on port 59503

###!!! [Child][RunMessage] Error: Channel closing: too late to send/recv, messages will be lost

"--marionette" "-headless" "-foreground" "-no-remote" "-profile" "C:\\Users\\jemcg\\AppData\\Local\\Temp\\rust_mozprofileY4V2Fe"
*** You are running in headless mode.
console.warn: SearchSettings: "get: No settings file exists, new profile?" (new Error("", "(unknown module)"))
1616444204110	Marionette	INFO	Listening on port 59580
1616444204398	Marionette	WARN	TLS certificate errors will be ignored for this session
1616444236112	Marionette	INFO	Stopped listening on port 59580

###!!! [Parent][RunMessage] Error: Channel closing: too late to send/recv, messages will be lost

--marionette" "-foreground" "-no-remote" "-profile" "C:\\Users\\jemcg\\AppData\\Local\\Temp\\rust_mozprofileyDFage"
console.warn: SearchSettings: "get: No settings file exists, new profile?" (new Error("", "(unknown module)"))
1616444223083	Marionette	INFO	Listening on port 59648
1616444223156	Marionette	WARN	TLS certificate errors will be ignored for this session
1616444436700	Marionette	INFO	Stopped listening on port 59648

###!!! [Child][RunMessage] Error: Channel closing: too late to send/recv, messages will be lost

"--marionette" "-headless" "-foreground" "-no-remote" "-profile" "C:\\Users\\jemcg\\AppData\\Local\\Temp\\rust_mozprofilelwxcOF"
*** You are running in headless mode.
console.warn: SearchSettings: "get: No settings file exists, new profile?" (new Error("", "(unknown module)"))
1616444393743	Marionette	INFO	Listening on port 59743
1616444394057	Marionette	WARN	TLS certificate errors will be ignored for this session
1616445154945	Marionette	INFO	Stopped listening on port 59743
6444410586	mozrunner::runner	INFO	Running command: "C:\\Program Files\\Mozilla Firefox\\firefox.exe" "--marionette" "-foreground" "-no-remote" "-profile" "C:\\Users\\jemcg\\AppData\\Local\\Temp\\rust_mozprofile3vjhiS"
console.warn: SearchSettings: "get: No settings file exists, new profile?" (new Error("", "(unknown module)"))
1616444412725	Marionette	INFO	Listening on port 59807
1616444412793	Marionette	WARN	TLS certificate errors will be ignored for this session
1616444436074	Marionette	INFO	Stopped listening on port 59807

###!!! [Child][RunMessage] Error: Channel closing: too late to send/recv, messages will be lost

1616445157184	geckodriver	INFO	Listening on 127.0.0.1:59991
1616445160261	mozrunner::runner	INFO	Running command: "C:\\Program Files\\Mozilla Firefox\\firefox.exe" "--marionette" "-headless" "-foreground" "-no-remote" "-profile" "C:\\Users\\jemcg\\AppData\\Local\\Temp\\rust_mozprofileKsbEbr"
*** You are running in headless mode.
console.warn: SearchSettings: "get: No settings file exists, new profile?" (new Error("", "(unknown module)"))
1616445161519	Marionette	INFO	Listening on port 59999
1616445161816	Marionette	WARN	TLS certificate errors will be ignored for this session
1616445189486	Marionette	INFO	Stopped listening on port 59999
6445173829	mozrunner::runner	INFO	Running command: "C:\\Program Files\\Mozilla Firefox\\firefox.exe" "--marionette" "-foreground" "-no-remote" "-profile" "C:\\Users\\jemcg\\AppData\\Local\\Temp\\rust_mozprofileokQvHU"
console.warn: SearchSettings: "get: No settings file exists, new profile?" (new Error("", "(unknown module)"))
1616445175930	Marionette	INFO	Listening on port 60064
1616445175997	Marionette	WARN	TLS certificate errors will be ignored for this session
1616445975803	Marionette	INFO	Stopped listening on port 60064

###!!! [Child][RunMessage] Error: Channel closing: too late to send/recv, messages will be lost

1616446003934	geckodriver	INFO	Listening on 127.0.0.1:60207
1616446007061	mozrunner::runner	INFO	Running command: "C:\\Program Files\\Mozilla Firefox\\firefox.exe" "--marionette" "-headless" "-foreground" "-no-remote" "-profile" "C:\\Users\\jemcg\\AppData\\Local\\Temp\\rust_mozprofilelcmbUF"
*** You are running in headless mode.
console.warn: SearchSettings: "get: No settings file exists, new profile?" (new Error("", "(unknown module)"))
1616446008281	Marionette	INFO	Listening on port 60215
1616446008596	Marionette	WARN	TLS certificate errors will be ignored for this session
1616446024260	geckodriver	INFO	Listening on 127.0.0.1:60275
1616446027322	mozrunner::runner	INFO	Running command: "C:\\Program Files\\Mozilla Firefox\\firefox.exe" "--marionette" "-foreground" "-no-remote" "-profile" "C:\\Users\\jemcg\\AppData\\Local\\Temp\\rust_mozprofileULgwYB"
console.warn: SearchSettings: "get: No settings file exists, new profile?" (new Error("", "(unknown module)"))
1616446029482	Marionette	INFO	Listening on port 60283
1616446029997	Marionette	WARN	TLS certificate errors will be ignored for this session
1616446212928	Marionette	INFO	Stopped listening on port 60283

###!!! [Child][RunMessage] Error: Channel closing: too late to send/recv, messages will be lost

"--marionette" "-foreground" "-no-remote" "-profile" "C:\\Users\\jemcg\\AppData\\Local\\Temp\\rust_mozprofileinUwUh"
console.warn: SearchSettings: "get: No settings file exists, new profile?" (new Error("", "(unknown module)"))
1616446181477	Marionette	INFO	Listening on port 60367
1616446181865	Marionette	WARN	TLS certificate errors will be ignored for this session
1616446225006	Marionette	INFO	Stopped listening on port 60367

###!!! [Child][RunMessage] Error: Channel closing: too late to send/recv, messages will be lost

1616446281012	geckodriver	INFO	Listening on 127.0.0.1:60438
1616446284101	mozrunner::runner	INFO	Running command: "C:\\Program Files\\Mozilla Firefox\\firefox.exe" "--marionette" "-headless" "-foreground" "-no-remote" "-profile" "C:\\Users\\jemcg\\AppData\\Local\\Temp\\rust_mozprofileJD6TKE"
*** You are running in headless mode.
console.warn: SearchSettings: "get: No settings file exists, new profile?" (new Error("", "(unknown module)"))
1616446285327	Marionette	INFO	Listening on port 60446
1616446285676	Marionette	WARN	TLS certificate errors will be ignored for this session
1616446299749	Marionette	INFO	Stopped listening on port 60446
1616446325011	geckodriver	INFO	Listening on 127.0.0.1:60506
1616446328071	mozrunner::runner	INFO	Running command: "C:\\Program Files\\Mozilla Firefox\\firefox.exe" "--marionette" "-headless" "-foreground" "-no-remote" "-profile" "C:\\Users\\jemcg\\AppData\\Local\\Temp\\rust_mozprofile779tnJ"
*** You are running in headless mode.
console.warn: SearchSettings: "get: No settings file exists, new profile?" (new Error("", "(unknown module)"))
1616446329255	Marionette	INFO	Listening on port 60514
1616446329603	Marionette	WARN	TLS certificate errors will be ignored for this session
1616446336341	Marionette	INFO	Stopped listening on port 60514
1616446336881	geckodriver	INFO	Listening on 127.0.0.1:60574
1616446339962	mozrunner::runner	INFO	Running command: "C:\\Program Files\\Mozilla Firefox\\firefox.exe" "--marionette" "-foreground" "-no-remote" "-profile" "C:\\Users\\jemcg\\AppData\\Local\\Temp\\rust_mozprofileDJFD2N"
console.warn: SearchSettings: "get: No settings file exists, new profile?" (new Error("", "(unknown module)"))
1616446342045	Marionette	INFO	Listening on port 60582
1616446342125	Marionette	WARN	TLS certificate errors will be ignored for this session
1616446368202	Marionette	INFO	Stopped listening on port 60582

###!!! [Child][RunMessage] Error: Channel closing: too late to send/recv, messages will be lost

1616446416882	geckodriver	INFO	Listening on 127.0.0.1:60651
1616446419992	mozrunner::runner	INFO	Running command: "C:\\Program Files\\Mozilla Firefox\\firefox.exe" "--marionette" "-headless" "-foreground" "-no-remote" "-profile" "C:\\Users\\jemcg\\AppData\\Local\\Temp\\rust_mozprofileuLRwie"
*** You are running in headless mode.
console.warn: SearchSettings: "get: No settings file exists, new profile?" (new Error("", "(unknown module)"))
1616446421157	Marionette	INFO	Listening on port 60660
1616446421535	Marionette	WARN	TLS certificate errors will be ignored for this session
1616446433678	Marionette	INFO	Stopped listening on port 60660
6446428761	mozrunner::runner	INFO	Running command: "C:\\Program Files\\Mozilla Firefox\\firefox.exe" "--marionette" "-foreground" "-no-remote" "-profile" "C:\\Users\\jemcg\\AppData\\Local\\Temp\\rust_mozprofilekpNeBC"
console.warn: SearchSettings: "get: No settings file exists, new profile?" (new Error("", "(unknown module)"))
1616446430990	Marionette	INFO	Listening on port 60726
1616446431446	Marionette	WARN	TLS certificate errors will be ignored for this session
1616446447130	Marionette	INFO	Stopped listening on port 60726
1616447229798	geckodriver	INFO	Listening on 127.0.0.1:60936
1616447232875	mozrunner::runner	INFO	Running command: "C:\\Program Files\\Mozilla Firefox\\firefox.exe" "--marionette" "-headless" "-foreground" "-no-remote" "-profile" "C:\\Users\\jemcg\\AppData\\Local\\Temp\\rust_mozprofileK3JIdk"
*** You are running in headless mode.
console.warn: SearchSettings: "get: No settings file exists, new profile?" (new Error("", "(unknown module)"))
1616447234066	Marionette	INFO	Listening on port 60944
1616447234419	Marionette	WARN	TLS certificate errors will be ignored for this session
1616447246315	Marionette	INFO	Stopped listening on port 60944
6447241539	mozrunner::runner	INFO	Running command: "C:\\Program Files\\Mozilla Firefox\\firefox.exe" "--marionette" "-foreground" "-no-remote" "-profile" "C:\\Users\\jemcg\\AppData\\Local\\Temp\\rust_mozprofile5bkJ0f"
console.warn: SearchSettings: "get: No settings file exists, new profile?" (new Error("", "(unknown module)"))
1616447243701	Marionette	INFO	Listening on port 61013
1616447244219	Marionette	WARN	TLS certificate errors will be ignored for this session
1616448055463	Marionette	INFO	Stopped listening on port 61013

###!!! [Child][RunMessage] Error: Channel closing: too late to send/recv, messages will be lost

"--marionette" "-foreground" "-no-remote" "-profile" "C:\\Users\\jemcg\\AppData\\Local\\Temp\\rust_mozprofilebxsS36"
console.warn: SearchSettings: "get: No settings file exists, new profile?" (new Error("", "(unknown module)"))
1616447393917	Marionette	INFO	Listening on port 61088
1616447393956	Marionette	WARN	TLS certificate errors will be ignored for this session
1616447557070	Marionette	INFO	Stopped listening on port 61088
1616447559730	geckodriver	INFO	Listening on 127.0.0.1:61175
1616447562792	mozrunner::runner	INFO	Running command: "C:\\Program Files\\Mozilla Firefox\\firefox.exe" "--marionette" "-foreground" "-no-remote" "-profile" "C:\\Users\\jemcg\\AppData\\Local\\Temp\\rust_mozprofileiQyTUo"
console.warn: SearchSettings: "get: No settings file exists, new profile?" (new Error("", "(unknown module)"))
1616447564883	Marionette	INFO	Listening on port 61183
1616447564959	Marionette	WARN	TLS certificate errors will be ignored for this session
1616447586737	Marionette	INFO	Stopped listening on port 61183

###!!! [Child][RunMessage] Error: Channel closing: too late to send/recv, messages will be lost

1616447784487	geckodriver	INFO	Listening on 127.0.0.1:61288
1616447787574	mozrunner::runner	INFO	Running command: "C:\\Program Files\\Mozilla Firefox\\firefox.exe" "--marionette" "-foreground" "-no-remote" "-profile" "C:\\Users\\jemcg\\AppData\\Local\\Temp\\rust_mozprofileXv2D6F"
console.warn: SearchSettings: "get: No settings file exists, new profile?" (new Error("", "(unknown module)"))
1616447789677	Marionette	INFO	Listening on port 61296
1616447789734	Marionette	WARN	TLS certificate errors will be ignored for this session
SourceActor threw an exception: [Exception... "Component returned failure code: 0x80470002 (NS_BASE_STREAM_CLOSED) [nsIInputStream.available]"  nsresult: "0x80470002 (NS_BASE_STREAM_CLOSED)"  location: "JS frame :: resource://devtools/shared/DevToolsUtils.js :: onResponse :: line 567"  data: no]
Stack: onResponse@resource://devtools/shared/DevToolsUtils.js:567:34
onStopRequest@resource://gre/modules/NetUtil.jsm:128:18
Line: 567, column: 0
console.error: ({})
JavaScript error: resource://devtools/shared/DevToolsUtils.js, line 567: NS_BASE_STREAM_CLOSED: Component returned failure code: 0x80470002 (NS_BASE_STREAM_CLOSED) [nsIInputStream.available]
1616447905003	Marionette	INFO	Stopped listening on port 61296

###!!! [Child][RunMessage] Error: Channel closing: too late to send/recv, messages will be lost

1616447907371	geckodriver	INFO	Listening on 127.0.0.1:61373
1616447910438	mozrunner::runner	INFO	Running command: "C:\\Program Files\\Mozilla Firefox\\firefox.exe" "--marionette" "-foreground" "-no-remote" "-profile" "C:\\Users\\jemcg\\AppData\\Local\\Temp\\rust_mozprofilenIXTL9"
console.warn: SearchSettings: "get: No settings file exists, new profile?" (new Error("", "(unknown module)"))
1616447912495	Marionette	INFO	Listening on port 61381
1616447912611	Marionette	WARN	TLS certificate errors will be ignored for this session
1616448006004	Marionette	INFO	Stopped listening on port 61381

###!!! [Child][RunMessage] Error: Channel closing: too late to send/recv, messages will be lost

1616448197481	geckodriver	INFO	Listening on 127.0.0.1:61479
1616448200559	mozrunner::runner	INFO	Running command: "C:\\Program Files\\Mozilla Firefox\\firefox.exe" "--marionette" "-foreground" "-no-remote" "-profile" "C:\\Users\\jemcg\\AppData\\Local\\Temp\\rust_mozprofileqhgFjb"
console.warn: SearchSettings: "get: No settings file exists, new profile?" (new Error("", "(unknown module)"))
1616448202774	Marionette	INFO	Listening on port 61487
1616448203240	Marionette	WARN	TLS certificate errors will be ignored for this session
1616448250452	Marionette	INFO	Stopped listening on port 61487

###!!! [Child][RunMessage] Error: Channel closing: too late to send/recv, messages will be lost

1616448253025	geckodriver	INFO	Listening on 127.0.0.1:61551
1616448256103	mozrunner::runner	INFO	Running command: "C:\\Program Files\\Mozilla Firefox\\firefox.exe" "--marionette" "-foreground" "-no-remote" "-profile" "C:\\Users\\jemcg\\AppData\\Local\\Temp\\rust_mozprofileajJfSf"
console.warn: SearchSettings: "get: No settings file exists, new profile?" (new Error("", "(unknown module)"))
1616448258267	Marionette	INFO	Listening on port 61559
1616448258775	Marionette	WARN	TLS certificate errors will be ignored for this session
1616448279044	Marionette	INFO	Stopped listening on port 61559

###!!! [Child][RunMessage] Error: Channel closing: too late to send/recv, messages will be lost

1616448416403	geckodriver	INFO	Listening on 127.0.0.1:61633
1616448419478	mozrunner::runner	INFO	Running command: "C:\\Program Files\\Mozilla Firefox\\firefox.exe" "--marionette" "-foreground" "-no-remote" "-profile" "C:\\Users\\jemcg\\AppData\\Local\\Temp\\rust_mozprofileRz7SL0"
console.warn: SearchSettings: "get: No settings file exists, new profile?" (new Error("", "(unknown module)"))
1616448421636	Marionette	INFO	Listening on port 61641
1616448422146	Marionette	WARN	TLS certificate errors will be ignored for this session
1616448559745	Marionette	INFO	Stopped listening on port 61641

###!!! [Child][RunMessage] Error: Channel closing: too late to send/recv, messages will be lost

1616448564762	geckodriver	INFO	Listening on 127.0.0.1:61726
1616448567829	mozrunner::runner	INFO	Running command: "C:\\Program Files\\Mozilla Firefox\\firefox.exe" "--marionette" "-foreground" "-no-remote" "-profile" "C:\\Users\\jemcg\\AppData\\Local\\Temp\\rust_mozprofileoFDazC"
console.warn: SearchSettings: "get: No settings file exists, new profile?" (new Error("", "(unknown module)"))
1616448569917	Marionette	INFO	Listening on port 61734
1616448569996	Marionette	WARN	TLS certificate errors will be ignored for this session
1616448594680	Marionette	INFO	Stopped listening on port 61734

###!!! [Child][RunMessage] Error: Channel closing: too late to send/recv, messages will be lost

1616454067880	geckodriver	INFO	Listening on 127.0.0.1:62474
1616454070961	mozrunner::runner	INFO	Running command: "C:\\Program Files\\Mozilla Firefox\\firefox.exe" "--marionette" "-foreground" "-no-remote" "-profile" "C:\\Users\\jemcg\\AppData\\Local\\Temp\\rust_mozprofileVm7hN8"
console.warn: SearchSettings: "get: No settings file exists, new profile?" (new Error("", "(unknown module)"))
1616454073116	Marionette	INFO	Listening on port 62482
1616454073646	Marionette	WARN	TLS certificate errors will be ignored for this session
1616454097754	Marionette	INFO	Stopped listening on port 62482

###!!! [Child][RunMessage] Error: Channel closing: too late to send/recv, messages will be lost

1616454327888	geckodriver	INFO	Listening on 127.0.0.1:62585
1616454330978	mozrunner::runner	INFO	Running command: "C:\\Program Files\\Mozilla Firefox\\firefox.exe" "--marionette" "-foreground" "-no-remote" "-profile" "C:\\Users\\jemcg\\AppData\\Local\\Temp\\rust_mozprofileYSDLos"
console.warn: SearchSettings: "get: No settings file exists, new profile?" (new Error("", "(unknown module)"))
1616454333210	Marionette	INFO	Listening on port 62593
1616454333648	Marionette	WARN	TLS certificate errors will be ignored for this session
1616454372754	Marionette	INFO	Stopped listening on port 62593

###!!! [Child][RunMessage] Error: Channel closing: too late to send/recv, messages will be lost

1616454482085	geckodriver	INFO	Listening on 127.0.0.1:62671
1616454485167	mozrunner::runner	INFO	Running command: "C:\\Program Files\\Mozilla Firefox\\firefox.exe" "--marionette" "-foreground" "-no-remote" "-profile" "C:\\Users\\jemcg\\AppData\\Local\\Temp\\rust_mozprofileN6Enpb"
console.warn: SearchSettings: "get: No settings file exists, new profile?" (new Error("", "(unknown module)"))
1616454487296	Marionette	INFO	Listening on port 62679
1616454487335	Marionette	WARN	TLS certificate errors will be ignored for this session
1616454556188	Marionette	INFO	Stopped listening on port 62679

###!!! [Child][RunMessage] Error: Channel closing: too late to send/recv, messages will be lost

1616454691709	geckodriver	INFO	Listening on 127.0.0.1:62767
1616454694786	mozrunner::runner	INFO	Running command: "C:\\Program Files\\Mozilla Firefox\\firefox.exe" "--marionette" "-foreground" "-no-remote" "-profile" "C:\\Users\\jemcg\\AppData\\Local\\Temp\\rust_mozprofilesjsvJR"
console.warn: SearchSettings: "get: No settings file exists, new profile?" (new Error("", "(unknown module)"))
1616454696939	Marionette	INFO	Listening on port 62775
1616454697466	Marionette	WARN	TLS certificate errors will be ignored for this session
1616454741406	Marionette	INFO	Stopped listening on port 62775

###!!! [Child][RunMessage] Error: Channel closing: too late to send/recv, messages will be lost

1616454937797	geckodriver	INFO	Listening on 127.0.0.1:62862
1616454940900	mozrunner::runner	INFO	Running command: "C:\\Program Files\\Mozilla Firefox\\firefox.exe" "--marionette" "-foreground" "-no-remote" "-profile" "C:\\Users\\jemcg\\AppData\\Local\\Temp\\rust_mozprofilerlBcoT"
console.warn: SearchSettings: "get: No settings file exists, new profile?" (new Error("", "(unknown module)"))
1616454942948	Marionette	INFO	Listening on port 62870
1616454942970	Marionette	WARN	TLS certificate errors will be ignored for this session
1616455171328	Marionette	INFO	Stopped listening on port 62870

###!!! [Child][RunMessage] Error: Channel closing: too late to send/recv, messages will be lost

"--marionette" "-foreground" "-no-remote" "-profile" "C:\\Users\\jemcg\\AppData\\Local\\Temp\\rust_mozprofilexVdaQZ"
console.warn: SearchSettings: "get: No settings file exists, new profile?" (new Error("", "(unknown module)"))
1616455123183	Marionette	INFO	Listening on port 62980
1616455123291	Marionette	WARN	TLS certificate errors will be ignored for this session
1616455172281	Marionette	INFO	Stopped listening on port 62980

###!!! [Child][RunMessage] Error: Channel closing: too late to send/recv, messages will be lost

1616455322217	geckodriver	INFO	Listening on 127.0.0.1:63049
1616455325309	mozrunner::runner	INFO	Running command: "C:\\Program Files\\Mozilla Firefox\\firefox.exe" "--marionette" "-foreground" "-no-remote" "-profile" "C:\\Users\\jemcg\\AppData\\Local\\Temp\\rust_mozprofilexoxLfl"
console.warn: SearchSettings: "get: No settings file exists, new profile?" (new Error("", "(unknown module)"))
1616455327290	Marionette	INFO	Listening on port 63057
1616455327371	Marionette	WARN	TLS certificate errors will be ignored for this session
1616455342081	Marionette	INFO	Stopped listening on port 63057

###!!! [Child][RunMessage] Error: Channel closing: too late to send/recv, messages will be lost

1616455401871	geckodriver	INFO	Listening on 127.0.0.1:63134
1616455404970	mozrunner::runner	INFO	Running command: "C:\\Program Files\\Mozilla Firefox\\firefox.exe" "--marionette" "-foreground" "-no-remote" "-profile" "C:\\Users\\jemcg\\AppData\\Local\\Temp\\rust_mozprofileriNFDC"
console.warn: SearchSettings: "get: No settings file exists, new profile?" (new Error("", "(unknown module)"))
1616455407143	Marionette	INFO	Listening on port 63142
1616455407639	Marionette	WARN	TLS certificate errors will be ignored for this session
1616455413651	Marionette	INFO	Stopped listening on port 63142
JavaScript error: resource://activity-stream/lib/ASRouter.jsm, line 988: NS_ERROR_ILLEGAL_VALUE: Component returned failure code: 0x80070057 (NS_ERROR_ILLEGAL_VALUE) [nsIObserverService.removeObserver]

###!!! [Child][RunMessage] Error: Channel closing: too late to send/recv, messages will be lost

1616455556585	geckodriver	INFO	Listening on 127.0.0.1:63218
1616455559664	mozrunner::runner	INFO	Running command: "C:\\Program Files\\Mozilla Firefox\\firefox.exe" "--marionette" "-foreground" "-no-remote" "-profile" "C:\\Users\\jemcg\\AppData\\Local\\Temp\\rust_mozprofilef2rFN3"
console.warn: SearchSettings: "get: No settings file exists, new profile?" (new Error("", "(unknown module)"))
1616455561696	Marionette	INFO	Listening on port 63226
1616455561732	Marionette	WARN	TLS certificate errors will be ignored for this session
1616455811853	Marionette	INFO	Stopped listening on port 63226

###!!! [Child][RunMessage] Error: Channel closing: too late to send/recv, messages will be lost

"--marionette" "-foreground" "-no-remote" "-profile" "C:\\Users\\jemcg\\AppData\\Local\\Temp\\rust_mozprofilerflPdJ"
console.warn: SearchSettings: "get: No settings file exists, new profile?" (new Error("", "(unknown module)"))
1616455814123	Marionette	INFO	Listening on port 63323
1616455814512	Marionette	WARN	TLS certificate errors will be ignored for this session
1616456059104	Marionette	INFO	Stopped listening on port 63323

###!!! [Child][RunMessage] Error: Channel closing: too late to send/recv, messages will be lost

"--marionette" "-headless" "-foreground" "-no-remote" "-profile" "C:\\Users\\jemcg\\AppData\\Local\\Temp\\rust_mozprofile4UX11F"
*** You are running in headless mode.
console.warn: SearchSettings: "get: No settings file exists, new profile?" (new Error("", "(unknown module)"))
1616456056844	Marionette	INFO	Listening on port 63427
1616456057213	Marionette	WARN	TLS certificate errors will be ignored for this session
1616456302425	geckodriver	INFO	Listening on 127.0.0.1:63534
1616456305515	mozrunner::runner	INFO	Running command: "C:\\Program Files\\Mozilla Firefox\\firefox.exe" "--marionette" "-headless" "-foreground" "-no-remote" "-profile" "C:\\Users\\jemcg\\AppData\\Local\\Temp\\rust_mozprofile6x22ix"
*** You are running in headless mode.
console.warn: SearchSettings: "get: No settings file exists, new profile?" (new Error("", "(unknown module)"))
1616456306760	Marionette	INFO	Listening on port 63544
1616456307058	Marionette	WARN	TLS certificate errors will be ignored for this session
1616456311839	Marionette	INFO	Stopped listening on port 63544
1616456332002	geckodriver	INFO	Listening on 127.0.0.1:63604
1616456335106	mozrunner::runner	INFO	Running command: "C:\\Program Files\\Mozilla Firefox\\firefox.exe" "--marionette" "-headless" "-foreground" "-no-remote" "-profile" "C:\\Users\\jemcg\\AppData\\Local\\Temp\\rust_mozprofilew238Yg"
*** You are running in headless mode.
console.warn: SearchSettings: "get: No settings file exists, new profile?" (new Error("", "(unknown module)"))
1616456336338	Marionette	INFO	Listening on port 63612
1616456336649	Marionette	WARN	TLS certificate errors will be ignored for this session
1616456615017	Marionette	INFO	Stopped listening on port 63612

###!!! [Parent][RunMessage] Error: Channel closing: too late to send/recv, messages will be lost

1616456658335	geckodriver	INFO	Listening on 127.0.0.1:63714
1616456661423	mozrunner::runner	INFO	Running command: "C:\\Program Files\\Mozilla Firefox\\firefox.exe" "--marionette" "-foreground" "-no-remote" "-profile" "C:\\Users\\jemcg\\AppData\\Local\\Temp\\rust_mozprofileJacjO6"
console.warn: SearchSettings: "get: No settings file exists, new profile?" (new Error("", "(unknown module)"))
1616456663431	Marionette	INFO	Listening on port 63722
1616456663481	Marionette	WARN	TLS certificate errors will be ignored for this session
1616456932019	Marionette	INFO	Stopped listening on port 63722

###!!! [Child][RunMessage] Error: Channel closing: too late to send/recv, messages will be lost

1616457568343	geckodriver	INFO	Listening on 127.0.0.1:64001
1616457571426	mozrunner::runner	INFO	Running command: "C:\\Program Files\\Mozilla Firefox\\firefox.exe" "--marionette" "-foreground" "-no-remote" "-profile" "C:\\Users\\jemcg\\AppData\\Local\\Temp\\rust_mozprofilecZqhx8"
console.warn: SearchSettings: "get: No settings file exists, new profile?" (new Error("", "(unknown module)"))
1616457574458	Marionette	INFO	Listening on port 64010
1616457574594	Marionette	WARN	TLS certificate errors will be ignored for this session
1616457666298	Marionette	INFO	Stopped listening on port 64010

###!!! [Child][RunMessage] Error: Channel closing: too late to send/recv, messages will be lost

1616457698358	geckodriver	INFO	Listening on 127.0.0.1:64089
1616457701436	mozrunner::runner	INFO	Running command: "C:\\Program Files\\Mozilla Firefox\\firefox.exe" "--marionette" "-foreground" "-no-remote" "-profile" "C:\\Users\\jemcg\\AppData\\Local\\Temp\\rust_mozprofileVi8tgP"
console.warn: SearchSettings: "get: No settings file exists, new profile?" (new Error("", "(unknown module)"))
1616457703527	Marionette	INFO	Listening on port 64097
1616457703600	Marionette	WARN	TLS certificate errors will be ignored for this session
